<?xml version="1.0" encoding="UTF-8"?>
<!-- Generated by org.testng.reporters.JUnitReportReporter -->
<testsuite hostname="DESKTOP-TEPTGH9" failures="0" tests="1" name="RunnerClass.TCNO4_withdrawl_test" time="18.857" errors="0" timestamp="2022-10-06T13:20:17 IST" skipped="0">
  <testcase classname="RunnerClass.TCNO4_withdrawl_test" name="enteradresss1" time="18.857"/>
  <system-out>
    <![CDATA[TCNO5.Verify that user can able to click on pay button of withdrawal  ]]>
  </system-out>
</testsuite> <!-- RunnerClass.TCNO4_withdrawl_test -->
