<?xml version="1.0" encoding="UTF-8"?>
<!-- Generated by org.testng.reporters.JUnitReportReporter -->
<testsuite hostname="DESKTOP-TEPTGH9" failures="0" tests="1" name="RunnerClass.FAiled_carddetail_3DS" time="43.561" errors="0" timestamp="2022-10-04T13:23:00 IST" skipped="0">
  <testcase classname="RunnerClass.FAiled_carddetail_3DS" name="CHEckedStauts" time="43.561"/>
  <system-out/>
</testsuite> <!-- RunnerClass.FAiled_carddetail_3DS -->
