<?xml version="1.0" encoding="UTF-8"?>
<!-- Generated by org.testng.reporters.JUnitReportReporter -->
<testsuite hostname="DESKTOP-TEPTGH9" failures="0" tests="2" name="RunnerClass.AMOUNT_field_enter_string2crossbrowsing" time="27.221" errors="0" timestamp="2022-10-05T18:40:28 IST" skipped="0">
  <testcase classname="RunnerClass.AMOUNT_field_enter_string2crossbrowsing" name="checkstatus" time="12.689"/>
  <system-out/>
  <testcase classname="RunnerClass.AMOUNT_field_enter_string2crossbrowsing" name="checkstatus" time="14.532"/>
  <system-out/>
</testsuite> <!-- RunnerClass.AMOUNT_field_enter_string2crossbrowsing -->
