<?xml version="1.0" encoding="UTF-8"?>
<!-- Generated by org.testng.reporters.JUnitReportReporter -->
<testsuite hostname="DESKTOP-TEPTGH9" failures="0" tests="1" name="RunnerClass.AvilableBalanceTest" time="5.733" errors="0" timestamp="2022-10-05T19:03:10 IST" skipped="0">
  <testcase classname="RunnerClass.AvilableBalanceTest" name="AvilableBalanace" time="5.733"/>
  <system-out/>
</testsuite> <!-- RunnerClass.AvilableBalanceTest -->
