<?xml version="1.0" encoding="UTF-8"?>
<!-- Generated by org.testng.reporters.JUnitReportReporter -->
<testsuite hostname="DESKTOP-TEPTGH9" failures="0" tests="2" name="RunnerClass.Litconfunctionality" time="13.059" errors="0" timestamp="2022-10-06T13:20:16 IST" skipped="0">
  <testcase classname="RunnerClass.Litconfunctionality" name="LitcoinBalanceCheck" time="9.471"/>
  <system-out/>
  <testcase classname="RunnerClass.Litconfunctionality" name="AvilableBalanace" time="3.588"/>
  <system-out/>
</testsuite> <!-- RunnerClass.Litconfunctionality -->
