<?xml version="1.0" encoding="UTF-8"?>
<!-- Generated by org.testng.reporters.JUnitReportReporter -->
<testsuite hostname="DESKTOP-TEPTGH9" failures="0" tests="1" name="RunnerClass.TCNO12_FAiled_carddetail_3DS" time="40.424" errors="0" timestamp="2022-10-06T13:26:24 IST" skipped="0">
  <testcase classname="RunnerClass.TCNO12_FAiled_carddetail_3DS" name="CHEckedStauts" time="40.424"/>
  <system-out>
    <![CDATA[TCNO12. When user use invalid card that time error message should show and payment will be failed .]]>
  </system-out>
</testsuite> <!-- RunnerClass.TCNO12_FAiled_carddetail_3DS -->
