<?xml version="1.0" encoding="UTF-8"?>
<!-- Generated by org.testng.reporters.JUnitReportReporter -->
<testsuite hostname="DESKTOP-TEPTGH9" failures="0" tests="1" name="RunnerClass.TCNO2_buttonFunctinlaity" time="23.996" errors="0" timestamp="2022-10-06T13:20:16 IST" skipped="0">
  <testcase classname="RunnerClass.TCNO2_buttonFunctinlaity" name="paybuttonfunctionaity" time="23.996"/>
  <system-out>
    <![CDATA[TCNO2_Check that functionality of Pay button]]>
  </system-out>
</testsuite> <!-- RunnerClass.TCNO2_buttonFunctinlaity -->
