<?xml version="1.0" encoding="UTF-8"?>
<!-- Generated by org.testng.reporters.JUnitReportReporter -->
<testsuite hostname="DESKTOP-TEPTGH9" failures="0" tests="1" name="RunnerClass.withdrawl_test_Wrong_Address_failedMesg" time="22.176" errors="0" timestamp="2022-10-05T20:07:38 IST" skipped="0">
  <testcase classname="RunnerClass.withdrawl_test_Wrong_Address_failedMesg" name="enteradresss1" time="22.176"/>
  <system-out>
    <![CDATA[this test case passed ]]>
  </system-out>
</testsuite> <!-- RunnerClass.withdrawl_test_Wrong_Address_failedMesg -->
