<?xml version="1.0" encoding="UTF-8"?>
<!-- Generated by org.testng.reporters.JUnitReportReporter -->
<testsuite hostname="DESKTOP-TEPTGH9" failures="0" tests="1" name="RunnerClass.AmounField_blank_testcase" time="15.221" errors="0" timestamp="2022-10-05T18:30:08 IST" skipped="0">
  <testcase classname="RunnerClass.AmounField_blank_testcase" name="AMOunt_field_blank_error_message" time="15.221"/>
  <system-out/>
</testsuite> <!-- RunnerClass.AmounField_blank_testcase -->
