<?xml version="1.0" encoding="UTF-8"?>
<!-- Generated by org.testng.reporters.JUnitReportReporter -->
<testsuite hostname="DESKTOP-TEPTGH9" failures="0" tests="1" name="maven_office_project.maven_office_project.NewTest" time="24.202" errors="0" timestamp="2022-07-07T16:39:32 IST" skipped="0">
  <testcase classname="maven_office_project.maven_office_project.NewTest" name="launchbrowser" time="24.202"/>
  <system-out/>
</testsuite> <!-- maven_office_project.maven_office_project.NewTest -->
