<?xml version="1.0" encoding="UTF-8"?>
<!-- Generated by org.testng.reporters.JUnitReportReporter -->
<testsuite hostname="DESKTOP-TEPTGH9" failures="0" tests="1" name="RunnerClass.runnerone" time="10.435" errors="0" timestamp="2022-09-09T22:36:48 IST" skipped="0">
  <testcase classname="RunnerClass.runnerone" name="AvilableBalanace" time="10.435"/>
  <system-out/>
</testsuite> <!-- RunnerClass.runnerone -->
