<?xml version="1.0" encoding="UTF-8"?>
<!-- Generated by org.testng.reporters.JUnitReportReporter -->
<testsuite hostname="DESKTOP-TEPTGH9" failures="0" tests="1" name="RunnerClass.TCNO6_withdrawl_test_Wrong_Address_failedMesg" time="22.017" errors="0" timestamp="2022-10-06T07:50:28 IST" skipped="0">
  <testcase classname="RunnerClass.TCNO6_withdrawl_test_Wrong_Address_failedMesg" name="enteradresss1" time="22.017"/>
  <system-out>
    <![CDATA[TCNO6_when user enter invalid address then system should show failed popup]]>
  </system-out>
</testsuite> <!-- RunnerClass.TCNO6_withdrawl_test_Wrong_Address_failedMesg -->
