<?xml version="1.0" encoding="UTF-8"?>
<!-- Generated by org.testng.reporters.JUnitReportReporter -->
<testsuite hostname="DESKTOP-TEPTGH9" failures="0" tests="2" name="RunnerClass.bitcoinfunctionality3" time="22.153" errors="0" timestamp="2022-09-15T16:28:25 IST" skipped="0">
  <testcase classname="RunnerClass.bitcoinfunctionality3" name="LitcoinBalanceCheck" time="8.685"/>
  <system-out/>
  <testcase classname="RunnerClass.bitcoinfunctionality3" name="AvilableBalanace" time="13.468"/>
  <system-out/>
</testsuite> <!-- RunnerClass.bitcoinfunctionality3 -->
