<?xml version="1.0" encoding="UTF-8"?>
<!-- Generated by org.testng.reporters.JUnitReportReporter -->
<testsuite hostname="DESKTOP-TEPTGH9" failures="0" tests="1" name="RunnerClass.Dataprovider_testNG" time="0.002" errors="0" timestamp="2022-10-06T13:20:16 IST" skipped="0">
  <testcase classname="RunnerClass.Dataprovider_testNG" name="dataproviderExample" time="0.002"/>
  <system-out/>
</testsuite> <!-- RunnerClass.Dataprovider_testNG -->
