<?xml version="1.0" encoding="UTF-8"?>
<!-- Generated by org.testng.reporters.JUnitReportReporter -->
<testsuite hostname="DESKTOP-TEPTGH9" failures="0" tests="1" name="RunnerClass.BTCfunctionality" time="8.677" errors="0" timestamp="2022-09-13T21:56:05 IST" skipped="0">
  <testcase classname="RunnerClass.BTCfunctionality" name="BTCBalanceCheck" time="8.677"/>
  <system-out/>
</testsuite> <!-- RunnerClass.BTCfunctionality -->
