<?xml version="1.0" encoding="UTF-8"?>
<!-- Generated by org.testng.reporters.JUnitReportReporter -->
<testsuite hostname="DESKTOP-TEPTGH9" failures="0" tests="1" name="RunnerClass.TCNO5_withdrawl_test" time="15.887" errors="0" timestamp="2022-10-06T07:36:47 IST" skipped="0">
  <testcase classname="RunnerClass.TCNO5_withdrawl_test" name="enteradresss1" time="15.887"/>
  <system-out>
    <![CDATA[TCNO5.Verify that user can able to click on pay button of withdrawal  ]]>
  </system-out>
</testsuite> <!-- RunnerClass.TCNO5_withdrawl_test -->
