<?xml version="1.0" encoding="UTF-8"?>
<!-- Generated by org.testng.reporters.JUnitReportReporter -->
<testsuite hostname="DESKTOP-TEPTGH9" failures="0" tests="1" name="RunnerClass.AMOUNT_field_enter_string" time="14.218" errors="0" timestamp="2022-10-05T18:30:08 IST" skipped="0">
  <testcase classname="RunnerClass.AMOUNT_field_enter_string" name="checkstatus" time="14.218"/>
  <system-out/>
</testsuite> <!-- RunnerClass.AMOUNT_field_enter_string -->
