<?xml version="1.0" encoding="UTF-8"?>
<!-- Generated by org.testng.reporters.JUnitReportReporter -->
<testsuite hostname="DESKTOP-TEPTGH9" failures="0" tests="1" name="RunnerClass.TCNO1_AmounField_blank_testcase" time="15.973" errors="0" timestamp="2022-10-06T13:22:55 IST" skipped="0">
  <testcase classname="RunnerClass.TCNO1_AmounField_blank_testcase" name="AMOunt_field_blank_error_message" time="15.973"/>
  <system-out/>
</testsuite> <!-- RunnerClass.TCNO1_AmounField_blank_testcase -->
