<?xml version="1.0" encoding="UTF-8"?>
<!-- Generated by org.testng.reporters.JUnitReportReporter -->
<testsuite hostname="DESKTOP-TEPTGH9" failures="0" tests="1" name="RunnerClass.Demo_Env_Avilablebalance" time="25.377" errors="0" timestamp="2022-10-05T20:46:20 IST" skipped="0">
  <testcase classname="RunnerClass.Demo_Env_Avilablebalance" name="amountenter" time="25.377"/>
  <system-out/>
</testsuite> <!-- RunnerClass.Demo_Env_Avilablebalance -->
