<?xml version="1.0" encoding="UTF-8"?>
<!-- Generated by org.testng.reporters.JUnitReportReporter -->
<testsuite hostname="DESKTOP-TEPTGH9" failures="0" tests="1" name="RunnerClass.Check_BitcoinCAsh_CryptoCurrency" time="7.183" errors="0" timestamp="2022-10-05T20:19:52 IST" skipped="0">
  <testcase classname="RunnerClass.Check_BitcoinCAsh_CryptoCurrency" name="btccryptocurrency" time="7.183"/>
  <system-out/>
</testsuite> <!-- RunnerClass.Check_BitcoinCAsh_CryptoCurrency -->
