<?xml version="1.0" encoding="UTF-8"?>
<!-- Generated by org.testng.reporters.JUnitReportReporter -->
<testsuite hostname="DESKTOP-TEPTGH9" failures="0" tests="1" name="RunnerClass.buttonFunctinlaity" time="29.009" errors="0" timestamp="2022-10-05T15:31:47 IST" skipped="0">
  <testcase classname="RunnerClass.buttonFunctinlaity" name="paybuttonfunctionaity" time="29.009"/>
  <system-out/>
</testsuite> <!-- RunnerClass.buttonFunctinlaity -->
